<?xml version="1.0" encoding="UTF-8"?>
<!-- Generated by org.testng.reporters.JUnitReportReporter -->
<testsuite hostname="DESKTOP-21BGDB8" failures="0" tests="2" name="AutomationProject.DemoE2ETesting.HomePageValidation" time="1.528" errors="0" timestamp="2021-04-07T12:36:50 IST" skipped="0">
  <testcase classname="AutomationProject.DemoE2ETesting.HomePageValidation" name="homePageNavigation" time="1.361"/>
  <testcase classname="AutomationProject.DemoE2ETesting.HomePageValidation" name="SIgnInPageCheck" time="0.167"/>
</testsuite> <!-- AutomationProject.DemoE2ETesting.HomePageValidation -->
