<?xml version="1.0" encoding="UTF-8"?>
<!-- Generated by org.testng.reporters.JUnitReportReporter -->
<testsuite hostname="DESKTOP-21BGDB8" failures="0" tests="3" name="AutomationProject.DemoE2ETesting.SignInPageValidation" time="36.048" errors="0" timestamp="2021-04-07T12:36:50 IST" skipped="0">
  <testcase classname="AutomationProject.DemoE2ETesting.SignInPageValidation" name="SignInFieldsCheck" time="2.544"/>
  <testcase classname="AutomationProject.DemoE2ETesting.SignInPageValidation" name="SignInFieldsCheck" time="32.813"/>
  <testcase classname="AutomationProject.DemoE2ETesting.SignInPageValidation" name="SignInFieldsCheck" time="0.691"/>
</testsuite> <!-- AutomationProject.DemoE2ETesting.SignInPageValidation -->
